<?xml version="1.0" encoding="UTF-8"?>
<!-- Generated by org.testng.reporters.JUnitXMLReporter -->
<testsuite ignored="2" hostname="DESKTOP-FUBHOCE" failures="0" tests="1" name="Test3" time="220.95" errors="0" timestamp="2025-02-17T09:46:02 AST">
  <testcase classname="Tests.FindADoctorTest" name="BookingAppointment_Reschedule" time="220.763"/>
  <testcase classname="Tests.FindADoctorTest" name="BookingAppointment_WALLET" time="0.0">
    <ignored/>
  </testcase> <!-- BookingAppointment_WALLET -->
  <testcase classname="Tests.FindADoctorTest" name="BookingAppointment_BANK" time="0.0">
    <ignored/>
  </testcase> <!-- BookingAppointment_BANK -->
</testsuite> <!-- Test3 -->
