<?xml version="1.0" encoding="UTF-8"?>
<!-- Generated by org.testng.reporters.JUnitXMLReporter -->
<testsuite ignored="12" hostname="DESKTOP-FUBHOCE" failures="0" tests="10" name="Test1" time="2240.5" errors="0" timestamp="2026-01-28T11:09:58 AST">
  <testcase classname="Tests.FindADoctorTest" name="BookingAppointment_BANK" time="274.182"/>
  <testcase classname="Tests.FindADoctorTest" name="BookingAppointment_Reschedule" time="201.893"/>
  <testcase classname="Tests.FindADoctorTest" name="BookingAppointment_Cancel" time="137.834"/>
  <testcase classname="Tests.FindADoctorTest" name="BookingAppointment_Cancel" time="191.602"/>
  <testcase classname="Tests.BookMedicalServiceTest" name="BookingMedicalAppointment_Reschedule" time="258.603"/>
  <testcase classname="Tests.BookMedicalServiceTest" name="BookingMedicalAppointment_Cancel" time="248.01"/>
  <testcase classname="Tests.ShopOnlineTest" name="ShopOnline_Pharmacy" time="213.541"/>
  <testcase classname="Tests.ShopOnlineTest" name="ShopOnline_Pharmacy" time="258.123"/>
  <testcase classname="Tests.ShopOnlineTest" name="ShopOnline_Pharmacy" time="225.275"/>
  <testcase classname="Tests.ShopOnlineTest" name="ShopOnline_Pharmacy_Cancel" time="229.452"/>
  <testcase classname="Common.BaseTest" name="@AfterSuite teardown" time="0.0">
    <ignored/>
  </testcase> <!-- @AfterSuite teardown -->
  <testcase classname="Common.BaseTest" name="@AfterSuite teardown" time="0.0">
    <ignored/>
  </testcase> <!-- @AfterSuite teardown -->
  <testcase classname="Common.BaseTest" name="@AfterSuite teardown" time="0.0">
    <ignored/>
  </testcase> <!-- @AfterSuite teardown -->
  <testcase classname="Common.BaseTest" name="@BeforeSuite setup" time="0.0">
    <ignored/>
  </testcase> <!-- @BeforeSuite setup -->
  <testcase classname="Common.BaseTest" name="@BeforeSuite setup" time="0.0">
    <ignored/>
  </testcase> <!-- @BeforeSuite setup -->
  <testcase classname="Common.BaseTest" name="@BeforeSuite setup" time="0.0">
    <ignored/>
  </testcase> <!-- @BeforeSuite setup -->
  <testcase classname="Common.BaseTest" name="@BeforeSuite setup" time="0.0">
    <ignored/>
  </testcase> <!-- @BeforeSuite setup -->
  <testcase classname="Common.BaseTest" name="@AfterSuite teardown" time="0.0">
    <ignored/>
  </testcase> <!-- @AfterSuite teardown -->
  <testcase classname="Common.BaseTest" name="@BeforeSuite setup" time="0.0">
    <ignored/>
  </testcase> <!-- @BeforeSuite setup -->
  <testcase classname="Common.BaseTest" name="@AfterSuite teardown" time="0.0">
    <ignored/>
  </testcase> <!-- @AfterSuite teardown -->
  <testcase classname="Common.BaseTest" name="@AfterSuite teardown" time="0.0">
    <ignored/>
  </testcase> <!-- @AfterSuite teardown -->
  <testcase classname="Common.BaseTest" name="@BeforeSuite setup" time="0.0">
    <ignored/>
  </testcase> <!-- @BeforeSuite setup -->
</testsuite> <!-- Test1 -->
