<?xml version="1.0" encoding="UTF-8"?>
<!-- Generated by org.testng.reporters.JUnitXMLReporter -->
<testsuite ignored="2" hostname="DESKTOP-FUBHOCE" failures="0" tests="2" name="Test1" time="506.162" errors="0" timestamp="2025-02-16T15:15:05 AST">
  <testcase classname="Tests.FindADoctorTest" name="BookingAppointment_BANK" time="251.854"/>
  <testcase classname="Tests.FindADoctorTest" name="BookingAppointment_BANK" time="212.055"/>
  <testcase classname="Tests.FindADoctorTest" name="BookingAppointment_WALLET" time="0.0">
    <ignored/>
  </testcase> <!-- BookingAppointment_WALLET -->
  <testcase classname="Tests.FindADoctorTest" name="BookingAppointment_Reschedule" time="0.0">
    <ignored/>
  </testcase> <!-- BookingAppointment_Reschedule -->
</testsuite> <!-- Test1 -->
