<?xml version="1.0" encoding="UTF-8"?>
<!-- Generated by org.testng.reporters.JUnitXMLReporter -->
<testsuite ignored="2" hostname="DESKTOP-FUBHOCE" failures="0" tests="1" name="Test2" time="213.174" errors="0" timestamp="2025-02-16T15:18:39 AST">
  <testcase classname="Tests.FindADoctorTest" name="BookingAppointment_WALLET" time="180.911"/>
  <testcase classname="Tests.FindADoctorTest" name="BookingAppointment_BANK" time="0.0">
    <ignored/>
  </testcase> <!-- BookingAppointment_BANK -->
  <testcase classname="Tests.FindADoctorTest" name="BookingAppointment_Reschedule" time="0.0">
    <ignored/>
  </testcase> <!-- BookingAppointment_Reschedule -->
</testsuite> <!-- Test2 -->
