<?xml version="1.0" encoding="UTF-8"?>
<!-- Generated by org.testng.reporters.JUnitXMLReporter -->
<testsuite ignored="2" hostname="DESKTOP-FUBHOCE" failures="0" tests="1" name="Test3" time="344.28" errors="0" timestamp="2025-02-16T15:24:24 AST">
  <testcase classname="Tests.FindADoctorTest" name="BookingAppointment_Reschedule" time="310.15"/>
  <testcase classname="Tests.FindADoctorTest" name="BookingAppointment_BANK" time="0.0">
    <ignored/>
  </testcase> <!-- BookingAppointment_BANK -->
  <testcase classname="Tests.FindADoctorTest" name="BookingAppointment_WALLET" time="0.0">
    <ignored/>
  </testcase> <!-- BookingAppointment_WALLET -->
</testsuite> <!-- Test3 -->
