<?xml version="1.0" encoding="UTF-8"?>
<!-- Generated by org.testng.reporters.JUnitXMLReporter -->
<testsuite ignored="1" hostname="DESKTOP-FUBHOCE" failures="2" tests="2" name="Test" time="225.94" errors="0" timestamp="2025-02-12T11:59:04 AST">
  <testcase classname="Tests.FindADoctorTest" name="BookingAppointment_BANK" time="102.528">
    <failure type="java.lang.AssertionError" message="expected [true] but found [false]">
      <![CDATA[java.lang.AssertionError: expected [true] but found [false]
at Tests.FindADoctorTest.BookingAppointment_BANK(FindADoctorTest.java:69)
at java.base/java.util.ArrayList.forEach(ArrayList.java:1511)
... Removed 33 stack frames]]>
    </failure>
  </testcase> <!-- BookingAppointment_BANK -->
  <testcase classname="Tests.FindADoctorTest" name="BookingAppointment_WALLET" time="10.466">
    <failure type="java.lang.AssertionError" message="expected [true] but found [false]">
      <![CDATA[java.lang.AssertionError: expected [true] but found [false]
at Tests.FindADoctorTest.BookingAppointment_WALLET(FindADoctorTest.java:128)
at java.base/java.util.ArrayList.forEach(ArrayList.java:1511)
... Removed 33 stack frames]]>
    </failure>
  </testcase> <!-- BookingAppointment_WALLET -->
  <testcase classname="Tests.FindADoctorTest" name="BookingAppointment_Reschedule" time="0.0">
    <ignored/>
  </testcase> <!-- BookingAppointment_Reschedule -->
</testsuite> <!-- Test -->
