<?xml version="1.0" encoding="UTF-8"?>
<!-- Generated by org.testng.reporters.JUnitReportReporter -->
<testsuite hostname="DESKTOP-FUBHOCE" failures="0" tests="4" name="Tests.FindADoctorTest" time="805.511" errors="0" timestamp="2026-01-28T11:09:59 AST" skipped="0">
  <testcase classname="Tests.FindADoctorTest" name="BookingAppointment_Cancel" time="191.602"/>
  <testcase classname="Tests.FindADoctorTest" name="BookingAppointment_Reschedule" time="201.893"/>
  <testcase classname="Tests.FindADoctorTest" name="BookingAppointment_Cancel" time="137.834"/>
  <testcase classname="Tests.FindADoctorTest" name="BookingAppointment_BANK" time="274.182"/>
</testsuite> <!-- Tests.FindADoctorTest -->
