<?xml version="1.0" encoding="UTF-8"?>
<!-- Generated by org.testng.reporters.JUnitReportReporter -->
<testsuite hostname="DESKTOP-FUBHOCE" failures="0" tests="4" name="Tests.ShopOnlineTest" time="926.391" errors="0" timestamp="2026-01-28T11:09:59 AST" skipped="0">
  <testcase classname="Tests.ShopOnlineTest" name="ShopOnline_Pharmacy" time="258.123"/>
  <testcase classname="Tests.ShopOnlineTest" name="ShopOnline_Pharmacy" time="225.275"/>
  <testcase classname="Tests.ShopOnlineTest" name="ShopOnline_Pharmacy" time="213.541"/>
  <testcase classname="Tests.ShopOnlineTest" name="ShopOnline_Pharmacy_Cancel" time="229.452"/>
</testsuite> <!-- Tests.ShopOnlineTest -->
