<?xml version="1.0" encoding="UTF-8"?>
<!-- Generated by org.testng.reporters.JUnitReportReporter -->
<testsuite hostname="DESKTOP-FUBHOCE" failures="0" tests="13" name="Tests.BookMedicalServiceTest" time="1165.013" errors="0" timestamp="2025-10-19T12:28:54 AST" skipped="0">
  <testcase classname="Tests.BookMedicalServiceTest" name="Radiology_Filter" time="46.583"/>
  <testcase classname="Tests.BookMedicalServiceTest" name="Radiology_Filter" time="46.231"/>
  <testcase classname="Tests.BookMedicalServiceTest" name="Beauty_Filter" time="44.956"/>
  <testcase classname="Tests.BookMedicalServiceTest" name="RadiologySection" time="42.417"/>
  <testcase classname="Tests.BookMedicalServiceTest" name="BookingMedicalAppointment_Cancel" time="150.265"/>
  <testcase classname="Tests.BookMedicalServiceTest" name="BookingMedicalAppointment_Cancel" time="251.867"/>
  <testcase classname="Tests.BookMedicalServiceTest" name="Beauty_Filter" time="45.569"/>
  <testcase classname="Tests.BookMedicalServiceTest" name="Lab_Filter" time="45.924"/>
  <testcase classname="Tests.BookMedicalServiceTest" name="Lab_Filter" time="45.841"/>
  <testcase classname="Tests.BookMedicalServiceTest" name="Beauty_Filter" time="44.681"/>
  <testcase classname="Tests.BookMedicalServiceTest" name="Radiology_Filter" time="45.806"/>
  <testcase classname="Tests.BookMedicalServiceTest" name="Lab_Filter" time="45.797"/>
  <testcase classname="Tests.BookMedicalServiceTest" name="BookingMedicalAppointment_Reschedule" time="309.076"/>
</testsuite> <!-- Tests.BookMedicalServiceTest -->
