<?xml version="1.0" encoding="UTF-8"?>
<!-- Generated by org.testng.reporters.JUnitReportReporter -->
<testsuite hostname="DESKTOP-FUBHOCE" failures="0" tests="2" name="Tests.BookMedicalServiceTest" time="506.613" errors="0" timestamp="2026-01-28T11:09:59 AST" skipped="0">
  <testcase classname="Tests.BookMedicalServiceTest" name="BookingMedicalAppointment_Reschedule" time="258.603"/>
  <testcase classname="Tests.BookMedicalServiceTest" name="BookingMedicalAppointment_Cancel" time="248.010"/>
</testsuite> <!-- Tests.BookMedicalServiceTest -->
